[2017-09-01 10:54:47] [INFO] initLogin 测试用例开始执行！
[2017-09-01 10:54:52] [INFO] 正在滑动引导页
[2017-09-01 10:54:52] [INFO] 正在滑动引导页
[2017-09-01 10:54:53] [INFO] 正在滑动引导页
[2017-09-01 10:54:56] [INFO] 先体验一下按钮存在，并点击
[2017-09-01 10:54:56] [INFO] initLogin 测试用例执行成功！
[2017-09-01 10:55:03] [INFO] LogIn 测试用例开始执行！
[2017-09-01 10:55:05] [INFO] 账户元素存在，并点击
[2017-09-01 10:55:14] [INFO] 下一步按钮存在，并点击
[2017-09-01 10:55:25] [INFO] 登录按钮存在，并点击
[2017-09-01 10:55:29] [INFO] 手势密码的下次再说按钮存在，并点击
[2017-09-01 10:55:29] [INFO] 第1条测试用例的结果为:登录成功
[2017-09-01 10:55:32] [INFO] 账户中的头像按钮存在，并点击
[2017-09-01 10:55:33] [INFO] 个人中心中的设置按钮存在，并点击
[2017-09-01 10:55:35] [INFO] 设置中的退出按钮存在，并点击
[2017-09-01 10:55:36] [INFO] 返回按钮存在，并点击
[2017-09-01 10:55:36] [INFO] LogIn 测试用例执行成功！
[2017-09-01 10:55:36] [INFO] LogIn 测试用例开始执行！
[2017-09-01 10:55:37] [INFO] 账户元素存在，并点击
[2017-09-01 10:55:50] [INFO] 下一步按钮存在，并点击
[2017-09-01 10:55:54] [INFO] 第2条测试用例的结果为:手机号格式错误
[2017-09-01 10:55:54] [INFO] 返回按钮存在，并点击
[2017-09-01 10:55:58] [INFO] LogIn 测试用例执行成功！
[2017-09-01 10:55:58] [INFO] LogIn 测试用例开始执行！
[2017-09-01 10:55:58] [INFO] 账户元素存在，并点击
[2017-09-01 10:56:09] [INFO] 下一步按钮存在，并点击
[2017-09-01 10:56:20] [INFO] 登录按钮存在，并点击
[2017-09-01 10:56:21] [INFO] 第3条测试用例的结果为:密码错误
[2017-09-01 10:56:21] [INFO] 返回按钮存在，并点击
[2017-09-01 10:56:23] [INFO] 返回按钮存在，并点击
[2017-09-01 10:56:23] [INFO] LogIn 测试用例执行成功！
[2017-09-01 10:56:23] [INFO] LogIn 测试用例开始执行！
[2017-09-01 10:56:24] [INFO] 账户元素存在，并点击
[2017-09-01 10:56:36] [INFO] 下一步按钮存在，并点击
[2017-09-01 10:56:40] [INFO] 第4条测试用例的结果为:手机号格式错误
[2017-09-01 10:56:43] [INFO] 返回按钮存在，并点击
[2017-09-01 10:56:44] [INFO] 返回按钮存在，并点击
[2017-09-01 10:56:44] [INFO] LogIn 测试用例执行成功！
[2017-09-01 10:56:50] [INFO] 执行成功的用例 = initLogin
[2017-09-01 10:56:50] [INFO] 执行成功的用例 = LogIn
[2017-09-01 10:56:50] [INFO] 执行成功的用例 = LogIn
[2017-09-01 10:56:50] [INFO] 执行成功的用例 = LogIn
[2017-09-01 10:56:50] [INFO] 执行成功的用例 = LogIn
