[2017-08-23 14:56:27] [INFO] 启动AppiumServer
[2017-08-23 14:56:49] [INFO] register 测试用例开始执行！
[2017-08-23 14:56:55] [INFO] 正在滑动引导页
[2017-08-23 14:56:55] [INFO] 正在滑动引导页
[2017-08-23 14:56:56] [INFO] 正在滑动引导页
[2017-08-23 14:56:57] [INFO] 正在滑动引导页
[2017-08-23 14:56:59] [INFO] 先体验一下按钮存在，并点击
[2017-08-23 14:57:01] [INFO] 账户元素存在，并点击
[2017-08-23 14:57:08] [INFO] LogIn 测试用例开始执行！
[2017-08-23 14:57:13] [INFO] 正在滑动引导页
[2017-08-23 14:57:14] [INFO] 下一步按钮存在，并点击
[2017-08-23 14:57:14] [INFO] 正在滑动引导页
[2017-08-23 14:57:15] [INFO] 正在滑动引导页
[2017-08-23 14:57:15] [INFO] 正在滑动引导页
[2017-08-23 14:57:19] [INFO] 先体验一下按钮不存在
[2017-08-23 14:57:20] [INFO] 第2条测试用例的结果为:手机号格式错误
[2017-08-23 14:57:21] [INFO] 返回按钮存在，并点击
[2017-08-23 14:57:22] [INFO] 账户元素不存在
[2017-08-23 14:57:24] [INFO] register 测试用例执行成功！
[2017-08-23 14:57:30] [INFO] 第3条测试用例的结果为:其他原因执行用例不成功（网络或者其他）
[2017-08-23 14:57:30] [WARN] LogIn 测试用例执行失败！
[2017-08-23 14:57:31] [INFO] kill Appium Server!!
