[2017-08-23 14:57:36] [INFO] 启动AppiumServer
[2017-08-23 14:57:38] [INFO] 启动AppiumServer
[2017-08-23 14:58:27] [INFO] register 测试用例开始执行！
[2017-08-23 14:58:31] [INFO] LogIn 测试用例开始执行！
[2017-08-23 14:58:32] [INFO] 正在滑动引导页
[2017-08-23 14:58:33] [INFO] 正在滑动引导页
[2017-08-23 14:58:34] [INFO] 正在滑动引导页
[2017-08-23 14:58:35] [INFO] 正在滑动引导页
[2017-08-23 14:58:36] [INFO] 正在滑动引导页
[2017-08-23 14:58:37] [INFO] 正在滑动引导页
[2017-08-23 14:58:37] [INFO] 先体验一下按钮存在，并点击
[2017-08-23 14:58:38] [INFO] 正在滑动引导页
[2017-08-23 14:58:38] [INFO] 正在滑动引导页
[2017-08-23 14:58:39] [INFO] 账户元素存在，并点击
[2017-08-23 14:58:41] [INFO] 先体验一下按钮存在，并点击
[2017-08-23 14:58:44] [INFO] 账户元素存在，并点击
[2017-08-23 14:58:49] [INFO] 下一步按钮存在，并点击
[2017-08-23 14:58:52] [INFO] 第3条测试用例的结果为:手机号已被注册
[2017-08-23 14:58:52] [INFO] 返回按钮存在，并点击
[2017-08-23 14:58:53] [INFO] 返回按钮存在，并点击
[2017-08-23 14:58:53] [INFO] register 测试用例执行成功！
[2017-08-23 14:58:55] [INFO] 下一步按钮存在，并点击
[2017-08-23 14:58:58] [INFO] 第4条测试用例的结果为:手机号格式错误
[2017-08-23 14:58:59] [INFO] kill Appium Server!!
